<?xml version="1.0" encoding="UTF-8"?>
<!-- Generated by org.testng.reporters.JUnitReportReporter -->
<testsuite hostname="Пользователь-ПК" name="SearchAndPlayTest" tests="1" failures="0" timestamp="13 May 2013 01:34:52 GMT" time="0,001" errors="0">
  <testcase name="searchAndPlayTest" time="0,001" classname="SearchAndPlayTest"/>
</testsuite>
